Using pre-set license
Built from '2022.3/release' branch; Version is '2022.3.0f1 (fb119bb0b476) revision 16454043'; Using compiler version '192829333'; Build Type 'Release'
OS: 'Windows 11  (10.0.22621) 64bit Core' Language: 'en' Physical Memory: 16068 MB
BatchMode: 1, IsHumanControllingUs: 0, StartBugReporterOnCrash: 0, Is64bit: 1, IsPro: 1

COMMAND LINE ARGUMENTS:
C:\Program Files\Unity\Hub\Editor\2022.3.0f1\Editor\Unity.exe
-adb2
-batchMode
-noUpm
-name
AssetImportWorker2
-projectPath
C:/Users/Zixiao/VR_Sword
-logFile
Logs/AssetImportWorker2.log
-srvPort
51489
Successfully changed project path to: C:/Users/Zixiao/VR_Sword
C:/Users/Zixiao/VR_Sword
[UnityMemory] Configuration Parameters - Can be set up in boot.config
    "memorysetup-bucket-allocator-granularity=16"
    "memorysetup-bucket-allocator-bucket-count=8"
    "memorysetup-bucket-allocator-block-size=33554432"
    "memorysetup-bucket-allocator-block-count=8"
    "memorysetup-main-allocator-block-size=16777216"
    "memorysetup-thread-allocator-block-size=16777216"
    "memorysetup-gfx-main-allocator-block-size=16777216"
    "memorysetup-gfx-thread-allocator-block-size=16777216"
    "memorysetup-cache-allocator-block-size=4194304"
    "memorysetup-typetree-allocator-block-size=2097152"
    "memorysetup-profiler-bucket-allocator-granularity=16"
    "memorysetup-profiler-bucket-allocator-bucket-count=8"
    "memorysetup-profiler-bucket-allocator-block-size=33554432"
    "memorysetup-profiler-bucket-allocator-block-count=8"
    "memorysetup-profiler-allocator-block-size=16777216"
    "memorysetup-profiler-editor-allocator-block-size=1048576"
    "memorysetup-temp-allocator-size-main=16777216"
    "memorysetup-job-temp-allocator-block-size=2097152"
    "memorysetup-job-temp-allocator-block-size-background=1048576"
    "memorysetup-job-temp-allocator-reduction-small-platforms=262144"
    "memorysetup-allocator-temp-initial-block-size-main=262144"
    "memorysetup-allocator-temp-initial-block-size-worker=262144"
    "memorysetup-temp-allocator-size-background-worker=32768"
    "memorysetup-temp-allocator-size-job-worker=262144"
    "memorysetup-temp-allocator-size-preload-manager=33554432"
    "memorysetup-temp-allocator-size-nav-mesh-worker=65536"
    "memorysetup-temp-allocator-size-audio-worker=65536"
    "memorysetup-temp-allocator-size-cloud-worker=32768"
    "memorysetup-temp-allocator-size-gi-baking-worker=262144"
    "memorysetup-temp-allocator-size-gfx=262144"
Player connection [16604] Host "[IP] 192.168.75.1 [Port] 0 [Flags] 2 [Guid] 2233958098 [EditorId] 2233958098 [Version] 1048832 [Id] WindowsEditor(7,LAPTOP-Q7SNLRSS) [Debug] 1 [PackageName] WindowsEditor [ProjectName] Editor" joined multi-casting on [225.0.0.222:54997]...

Player connection [16604] Host "[IP] 192.168.75.1 [Port] 0 [Flags] 2 [Guid] 2233958098 [EditorId] 2233958098 [Version] 1048832 [Id] WindowsEditor(7,LAPTOP-Q7SNLRSS) [Debug] 1 [PackageName] WindowsEditor [ProjectName] Editor" joined alternative multi-casting on [225.0.0.222:34997]...

Refreshing native plugins compatible for Editor in 1112.98 ms, found 9 plugins.
Preloading 2 native plugins for Editor in 2.81 ms.
Initialize engine version: 2022.3.0f1 (fb119bb0b476)
[Subsystems] Discovering subsystems at path C:/Program Files/Unity/Hub/Editor/2022.3.0f1/Editor/Data/Resources/UnitySubsystems
[Subsystems] Discovering subsystems at path C:/Users/Zixiao/VR_Sword/Assets
GfxDevice: creating device client; threaded=0; jobified=0
Direct3D:
    Version:  Direct3D 11.0 [level 11.1]
    Renderer: NVIDIA GeForce RTX 4070 Ti (ID=0x2782)
    Vendor:   NVIDIA
    VRAM:     12010 MB
    Driver:   31.0.15.3734
Shader 'Oculus/OVRMRCameraFrameLit': fallback shader 'Alpha-Diffuse' not found
Initialize mono
Mono path[0] = 'C:/Program Files/Unity/Hub/Editor/2022.3.0f1/Editor/Data/Managed'
Mono path[1] = 'C:/Program Files/Unity/Hub/Editor/2022.3.0f1/Editor/Data/MonoBleedingEdge/lib/mono/unityjit-win32'
Mono config path = 'C:/Program Files/Unity/Hub/Editor/2022.3.0f1/Editor/Data/MonoBleedingEdge/etc'
Using monoOptions --debugger-agent=transport=dt_socket,embedding=1,server=y,suspend=n,address=127.0.0.1:56280
Begin MonoManager ReloadAssembly
Registering precompiled unity dll's ...
Register platform support module: C:/Program Files/Unity/Hub/Editor/2022.3.0f1/Editor/Data/PlaybackEngines/AndroidPlayer/UnityEditor.Android.Extensions.dll
Register platform support module: C:/Program Files/Unity/Hub/Editor/2022.3.0f1/Editor/Data/PlaybackEngines/WindowsStandaloneSupport/UnityEditor.WindowsStandalone.Extensions.dll
Registered in 0.007243 seconds.
- Loaded All Assemblies, in  1.321 seconds
Native extension for WindowsStandalone target not found
Native extension for Android target not found
Android Extension - Scanning For ADB Devices 391 ms
Mono: successfully reloaded assembly
- Finished resetting the current domain, in  0.944 seconds
Domain Reload Profiling: 2264ms
	BeginReloadAssembly (163ms)
		ExecutionOrderSort (0ms)
		DisableScriptedObjects (0ms)
		BackupInstance (0ms)
		ReleaseScriptingObjects (0ms)
		CreateAndSetChildDomain (2ms)
	RebuildCommonClasses (379ms)
	RebuildNativeTypeToScriptingClass (14ms)
	initialDomainReloadingComplete (70ms)
	LoadAllAssembliesAndSetupDomain (693ms)
		LoadAssemblies (159ms)
		RebuildTransferFunctionScriptingTraits (0ms)
		AnalyzeDomain (686ms)
			TypeCache.Refresh (685ms)
				TypeCache.ScanAssembly (497ms)
			ScanForSourceGeneratedMonoScriptInfo (0ms)
			ResolveRequiredComponents (1ms)
	FinalizeReload (944ms)
		ReleaseScriptCaches (0ms)
		RebuildScriptCaches (0ms)
		SetupLoadedEditorAssemblies (860ms)
			LogAssemblyErrors (0ms)
			InitializePlatformSupportModulesInManaged (557ms)
			SetLoadedEditorAssemblies (8ms)
			RefreshPlugins (0ms)
			BeforeProcessingInitializeOnLoad (5ms)
			ProcessInitializeOnLoadAttributes (190ms)
			ProcessInitializeOnLoadMethodAttributes (99ms)
			AfterProcessingInitializeOnLoad (0ms)
			EditorAssembliesLoaded (0ms)
		ExecutionOrderSort2 (0ms)
		AwakeInstancesAfterBackupRestoration (0ms)
========================================================================
Worker process is ready to serve import requests
Begin MonoManager ReloadAssembly
Symbol file LoadedFromMemory doesn't match image C:\Users\Zixiao\VR_Sword\Library\PackageCache\com.unity.visualscripting@1.8.0\Editor\VisualScripting.Core\Dependencies\YamlDotNet\Unity.VisualScripting.YamlDotNet.dll
Symbol file LoadedFromMemory doesn't match image C:\Users\Zixiao\VR_Sword\Library\PackageCache\com.unity.visualscripting@1.8.0\Editor\VisualScripting.Core\Dependencies\DotNetZip\Unity.VisualScripting.IonicZip.dll
- Loaded All Assemblies, in  1.283 seconds
Refreshing native plugins compatible for Editor in 12.77 ms, found 9 plugins.
Native extension for WindowsStandalone target not found
Native extension for Android target not found
Package Manager log level set to [2]
[Package Manager] Server::EnsureServerProcessIsRunning -- launch failed, reason: Unity was launched with the -noUpm command-line argument
[Package Manager] UpmClient::Send -- Unable to send message (not connected to UPM process).
[Package Manager] Cannot connect to Unity Package Manager local server
[XR] OculusXRPlugin: registering subsystems
[XR] Unable to register display lifecyle provider: [1]
[XR] Oculus Input lifecycle provider registered.
[XR] Unable to register input lifecyle provider: [1]
[XR] OVRP version 1.89.0
Mono: successfully reloaded assembly
[Package Manager] Server::EnsureServerProcessIsRunning -- launch failed, reason: Unity was launched with the -noUpm command-line argument
[Package Manager] UpmClient::Send -- Unable to send message (not connected to UPM process).
[Package Manager] Cannot connect to Unity Package Manager local server
[Package Manager] Server::EnsureServerProcessIsRunning -- launch failed, reason: Unity was launched with the -noUpm command-line argument
[Package Manager] UpmClient::Send -- Unable to send message (not connected to UPM process).
[Package Manager] Cannot connect to Unity Package Manager local server
- Finished resetting the current domain, in  1.554 seconds
Domain Reload Profiling: 2834ms
	BeginReloadAssembly (214ms)
		ExecutionOrderSort (0ms)
		DisableScriptedObjects (11ms)
		BackupInstance (0ms)
		ReleaseScriptingObjects (0ms)
		CreateAndSetChildDomain (28ms)
	RebuildCommonClasses (62ms)
	RebuildNativeTypeToScriptingClass (14ms)
	initialDomainReloadingComplete (74ms)
	LoadAllAssembliesAndSetupDomain (915ms)
		LoadAssemblies (447ms)
		RebuildTransferFunctionScriptingTraits (0ms)
		AnalyzeDomain (578ms)
			TypeCache.Refresh (507ms)
				TypeCache.ScanAssembly (491ms)
			ScanForSourceGeneratedMonoScriptInfo (45ms)
			ResolveRequiredComponents (26ms)
	FinalizeReload (1555ms)
		ReleaseScriptCaches (0ms)
		RebuildScriptCaches (0ms)
		SetupLoadedEditorAssemblies (1210ms)
			LogAssemblyErrors (0ms)
			InitializePlatformSupportModulesInManaged (32ms)
			SetLoadedEditorAssemblies (6ms)
			RefreshPlugins (0ms)
			BeforeProcessingInitializeOnLoad (121ms)
			ProcessInitializeOnLoadAttributes (995ms)
			ProcessInitializeOnLoadMethodAttributes (48ms)
			AfterProcessingInitializeOnLoad (8ms)
			EditorAssembliesLoaded (0ms)
		ExecutionOrderSort2 (0ms)
		AwakeInstancesAfterBackupRestoration (13ms)
Shader 'Oculus/OVRMRCameraFrameLit': fallback shader 'Alpha-Diffuse' not found
Launched and connected shader compiler UnityShaderCompiler.exe after 0.05 seconds
Refreshing native plugins compatible for Editor in 57.79 ms, found 9 plugins.
Preloading 2 native plugins for Editor in 0.24 ms.
Unloading 5337 Unused Serialized files (Serialized files now loaded: 0)
Unloading 95 unused Assets / (1.5 MB). Loaded Objects now: 5792.
Memory consumption went from 294.6 MB to 293.1 MB.
Total: 14.690000 ms (FindLiveObjects: 0.755100 ms CreateObjectMapping: 0.467400 ms MarkObjects: 12.280200 ms  DeleteObjects: 1.185100 ms)

AssetImportParameters requested are different than current active one (requested -> active):
  custom:container-demuxer-ogg: 62fdf1f143b41e24485cea50d1cbac27 -> 
  custom:video-codec-MediaFoundation-h265: 746d11721c4dcdbdad8f713fa42b33f4 -> 
  custom:video-decoder-ogg-theora: a1e56fd34408186e4bbccfd4996cb3dc -> 
  custom:framework-win-MediaFoundation: 216162199b28c13a410421893ffa2e32 -> 
  custom:container-demuxer-webm: 4f35f7cbe854078d1ac9338744f61a02 -> 
  custom:container-muxer-webm: aa71ff27fc2769a1b78a27578f13a17b -> 
  custom:video-decoder-webm-vp8: 9c59270c3fd7afecdb556c50c9e8de78 -> 
  custom:AudioImporter_EditorPlatform: d09bf68614088b80899f8185d706f6e7 -> 
  custom:video-encoder-webm-vp8: eb34c28f22e8b96e1ab97ce403110664 -> 
  custom:audio-decoder-ogg-vorbis: bf7c407c2cedff20999df2af8eb42d56 -> 
  custom:audio-encoder-webm-vorbis: bf7c407c2cedff20999df2af8eb42d56 -> 
========================================================================
Received Import Request.
  Time since last request: 19237.468493 seconds.
  path: Assets/3D Items - Mega Pack/Prefabs/Bows and Arrows/arrow02_yellow.prefab
  artifactKey: Guid(512ce0f70799b3b48b827a49b1b63006) Importer(815301076,1909f56bfc062723c751e8b465ee728b)
Start importing Assets/3D Items - Mega Pack/Prefabs/Bows and Arrows/arrow02_yellow.prefab using Guid(512ce0f70799b3b48b827a49b1b63006) Importer(815301076,1909f56bfc062723c751e8b465ee728b)  -> (artifact id: '1b2ee203f91f3120fc934b80e294e660') in 0.081071 seconds
Number of updated asset objects reloaded before import = 0
Number of asset objects unloaded after import = 9
========================================================================
Received Import Request.
  Time since last request: 0.020940 seconds.
  path: Assets/3D Items - Mega Pack/Prefabs/Axes/2Hand Axes/axe2h04_yellow.prefab
  artifactKey: Guid(30bc06d0faf7ca8458b915dbf5da65ca) Importer(815301076,1909f56bfc062723c751e8b465ee728b)
Start importing Assets/3D Items - Mega Pack/Prefabs/Axes/2Hand Axes/axe2h04_yellow.prefab using Guid(30bc06d0faf7ca8458b915dbf5da65ca) Importer(815301076,1909f56bfc062723c751e8b465ee728b)  -> (artifact id: '8b3558eb186f39bd3227d9fc6856181f') in 0.016733 seconds
Number of updated asset objects reloaded before import = 0
Number of asset objects unloaded after import = 9
========================================================================
Received Import Request.
  Time since last request: 0.000016 seconds.
  path: Assets/3D Items - Mega Pack/Prefabs/Axes/2Hand Axes/axe2h10_yellow.prefab
  artifactKey: Guid(fa585e1e702ab604faec4a22e6eba654) Importer(815301076,1909f56bfc062723c751e8b465ee728b)
Start importing Assets/3D Items - Mega Pack/Prefabs/Axes/2Hand Axes/axe2h10_yellow.prefab using Guid(fa585e1e702ab604faec4a22e6eba654) Importer(815301076,1909f56bfc062723c751e8b465ee728b)  -> (artifact id: '8803c7a1528f1346805dc04d84e8f8c4') in 0.015529 seconds
Number of updated asset objects reloaded before import = 0
Number of asset objects unloaded after import = 9
========================================================================
Received Import Request.
  Time since last request: 0.003576 seconds.
  path: Assets/3D Items - Mega Pack/Prefabs/Axes/2Hand Axes/axe2h14_yellow.prefab
  artifactKey: Guid(0d5a5ac45544e4f4ba093af10aadb4a0) Importer(815301076,1909f56bfc062723c751e8b465ee728b)
Start importing Assets/3D Items - Mega Pack/Prefabs/Axes/2Hand Axes/axe2h14_yellow.prefab using Guid(0d5a5ac45544e4f4ba093af10aadb4a0) Importer(815301076,1909f56bfc062723c751e8b465ee728b)  -> (artifact id: 'a923a46ed7b7e324c1d3300fda8ed66f') in 0.016026 seconds
Number of updated asset objects reloaded before import = 0
Number of asset objects unloaded after import = 9
========================================================================
Received Import Request.
  Time since last request: 0.005479 seconds.
  path: Assets/Oculus/VR/Editor/BuildingBlocks/BlockData/EyeGaze/Prefabs/bb_prefab_eyegaze.prefab
  artifactKey: Guid(cd20efabdb0a60745a5015c0d733df31) Importer(815301076,1909f56bfc062723c751e8b465ee728b)
Start importing Assets/Oculus/VR/Editor/BuildingBlocks/BlockData/EyeGaze/Prefabs/bb_prefab_eyegaze.prefab using Guid(cd20efabdb0a60745a5015c0d733df31) Importer(815301076,1909f56bfc062723c751e8b465ee728b)  -> (artifact id: 'c942a6b6ad4c7e68b79cf51d693d32d9') in 0.002720 seconds
Number of updated asset objects reloaded before import = 0
Number of asset objects unloaded after import = 5
========================================================================
Received Import Request.
  Time since last request: 0.024821 seconds.
  path: Assets/3D Items - Mega Pack/Prefabs/Crafting/Exploration/book04_yellow.prefab
  artifactKey: Guid(8c5753986648203468a260c35720c262) Importer(815301076,1909f56bfc062723c751e8b465ee728b)
Start importing Assets/3D Items - Mega Pack/Prefabs/Crafting/Exploration/book04_yellow.prefab using Guid(8c5753986648203468a260c35720c262) Importer(815301076,1909f56bfc062723c751e8b465ee728b)  -> (artifact id: 'd9d62b86c690f6da327b0ab8621979ab') in 0.016078 seconds
Number of updated asset objects reloaded before import = 0
Number of asset objects unloaded after import = 9
========================================================================
Received Import Request.
  Time since last request: 0.002341 seconds.
  path: Assets/3D Items - Mega Pack/Prefabs/Food/cheese01_yellow.prefab
  artifactKey: Guid(0594f52000764224a854f7f0d3b85db0) Importer(815301076,1909f56bfc062723c751e8b465ee728b)
Start importing Assets/3D Items - Mega Pack/Prefabs/Food/cheese01_yellow.prefab using Guid(0594f52000764224a854f7f0d3b85db0) Importer(815301076,1909f56bfc062723c751e8b465ee728b)  -> (artifact id: 'e2ba5fafca0e92a25037f493286221a1') in 0.017598 seconds
Number of updated asset objects reloaded before import = 0
Number of asset objects unloaded after import = 9
========================================================================
Received Import Request.
  Time since last request: 0.004985 seconds.
  path: Assets/3D Items - Mega Pack/Prefabs/Daggers/dagger01_yellow.prefab
  artifactKey: Guid(caacd64ad3dfc6f41a8f2bd65e06633e) Importer(815301076,1909f56bfc062723c751e8b465ee728b)
Start importing Assets/3D Items - Mega Pack/Prefabs/Daggers/dagger01_yellow.prefab using Guid(caacd64ad3dfc6f41a8f2bd65e06633e) Importer(815301076,1909f56bfc062723c751e8b465ee728b)  -> (artifact id: '931fabf1f15a685612d881fa58065ded') in 0.017252 seconds
Number of updated asset objects reloaded before import = 0
Number of asset objects unloaded after import = 9
========================================================================
Received Import Request.
  Time since last request: 0.010703 seconds.
  path: Assets/3D Items - Mega Pack/Prefabs/Daggers/dagger06_yellow.prefab
  artifactKey: Guid(b02e40cf2c42c1141a4d60662767fdc9) Importer(815301076,1909f56bfc062723c751e8b465ee728b)
Start importing Assets/3D Items - Mega Pack/Prefabs/Daggers/dagger06_yellow.prefab using Guid(b02e40cf2c42c1141a4d60662767fdc9) Importer(815301076,1909f56bfc062723c751e8b465ee728b)  -> (artifact id: '435122c8a775131e147aca1b5a2e1eb4') in 0.016408 seconds
Number of updated asset objects reloaded before import = 0
Number of asset objects unloaded after import = 9
========================================================================
Received Import Request.
  Time since last request: 0.005612 seconds.
  path: Assets/3D Items - Mega Pack/Prefabs/Daggers/dagger10_yellow.prefab
  artifactKey: Guid(55114d6f85828ba4ca163fa9903e72ec) Importer(815301076,1909f56bfc062723c751e8b465ee728b)
Start importing Assets/3D Items - Mega Pack/Prefabs/Daggers/dagger10_yellow.prefab using Guid(55114d6f85828ba4ca163fa9903e72ec) Importer(815301076,1909f56bfc062723c751e8b465ee728b)  -> (artifact id: 'b8a8e2f2b399fca4edb836234695a22e') in 0.017385 seconds
Number of updated asset objects reloaded before import = 0
Number of asset objects unloaded after import = 9
========================================================================
Received Import Request.
  Time since last request: 0.007308 seconds.
  path: Assets/3D Items - Mega Pack/Prefabs/Daggers/dagger15_yellow.prefab
  artifactKey: Guid(9af3ad33d37a2c74f9b1bf90f5d001fd) Importer(815301076,1909f56bfc062723c751e8b465ee728b)
Start importing Assets/3D Items - Mega Pack/Prefabs/Daggers/dagger15_yellow.prefab using Guid(9af3ad33d37a2c74f9b1bf90f5d001fd) Importer(815301076,1909f56bfc062723c751e8b465ee728b)  -> (artifact id: 'eddb4c9eadf9bb56d92786d6d19b4768') in 0.018043 seconds
Number of updated asset objects reloaded before import = 0
Number of asset objects unloaded after import = 9
========================================================================
Received Import Request.
  Time since last request: 0.005307 seconds.
  path: Assets/3D Items - Mega Pack/Prefabs/Daggers/dagger22_yellow.prefab
  artifactKey: Guid(109eb8f8e58ff474facf37f7975ebd83) Importer(815301076,1909f56bfc062723c751e8b465ee728b)
Start importing Assets/3D Items - Mega Pack/Prefabs/Daggers/dagger22_yellow.prefab using Guid(109eb8f8e58ff474facf37f7975ebd83) Importer(815301076,1909f56bfc062723c751e8b465ee728b)  -> (artifact id: '27ba76440126574792ae65fcab8f9c10') in 0.019357 seconds
Number of updated asset objects reloaded before import = 0
Number of asset objects unloaded after import = 9
========================================================================
Received Import Request.
  Time since last request: 0.639013 seconds.
  path: Assets/Oculus/Interaction/Runtime/Prefabs/Debug/ActiveStateDebugTreeNodeHorizontal.prefab
  artifactKey: Guid(bcb4af79d88c4af4a90fb6e19de13e70) Importer(815301076,1909f56bfc062723c751e8b465ee728b)
Start importing Assets/Oculus/Interaction/Runtime/Prefabs/Debug/ActiveStateDebugTreeNodeHorizontal.prefab using Guid(bcb4af79d88c4af4a90fb6e19de13e70) Importer(815301076,1909f56bfc062723c751e8b465ee728b)  -> (artifact id: '50fa201e2c5c91dd4f18deb8ee424f4a') in 0.039397 seconds
Number of updated asset objects reloaded before import = 0
Number of asset objects unloaded after import = 37
========================================================================
Received Import Request.
  Time since last request: 0.002435 seconds.
  path: Assets/Oculus/Interaction/Runtime/Prefabs/Debug/TransformFeatureDebugVisual.prefab
  artifactKey: Guid(ec53f1dd35837b749a033d3c0efeec02) Importer(815301076,1909f56bfc062723c751e8b465ee728b)
Start importing Assets/Oculus/Interaction/Runtime/Prefabs/Debug/TransformFeatureDebugVisual.prefab using Guid(ec53f1dd35837b749a033d3c0efeec02) Importer(815301076,1909f56bfc062723c751e8b465ee728b)  -> (artifact id: '69a23a26d62cda77f5f6717ffdd46701') in 0.033681 seconds
Number of updated asset objects reloaded before import = 0
Number of asset objects unloaded after import = 22
Editor requested this worker to shutdown with reason: Scaling down because of idle timeout
TcpMessagingSession - receive error: operation aborted. errorcode: 995, details: The I/O operation has been aborted because of either a thread exit or an application request.
AssetImportWorker is now disconnected from the server
Process exiting
Exiting without the bug reporter. Application will terminate with return code 0